<?xml version="1.0" encoding="UTF-8"?>
<!-- Generated by org.testng.reporters.JUnitReportReporter -->
<testsuite hostname="LAPTOP-NFMR2JVV" failures="0" tests="1" name="testngclasses.LoginTest" time="0.015" errors="0" timestamp="2025-04-03T20:10:56 IST" skipped="0">
  <testcase classname="testngclasses.LoginTest" name="TC1" time="0.015"/>
  <system-out/>
</testsuite> <!-- testngclasses.LoginTest -->
