<?xml version="1.0" encoding="UTF-8"?>
<!-- Generated by org.testng.reporters.JUnitReportReporter -->
<testsuite hostname="LAPTOP-NFMR2JVV" failures="0" tests="1" name="testngclasses.TestNGclass" time="0.007" errors="0" timestamp="2025-02-21T19:30:49 IST" skipped="0">
  <testcase classname="testngclasses.TestNGclass" name="f" time="0.007"/>
  <system-out/>
</testsuite> <!-- testngclasses.TestNGclass -->
