<?xml version="1.0" encoding="UTF-8"?>
<!-- Generated by org.testng.reporters.JUnitReportReporter -->
<testsuite hostname="LAPTOP-NFMR2JVV" failures="0" tests="1" name="testngclasses.Homepage" time="0.020" errors="0" timestamp="2025-04-03T20:09:56 IST" skipped="0">
  <testcase classname="testngclasses.Homepage" name="m2" time="0.020"/>
  <system-out/>
</testsuite> <!-- testngclasses.Homepage -->
